# JRE version: Java(TM) SE Runtime Environment (26.0+35) (build 26+35-2893)
# Java VM: Java HotSpot(TM) 64-Bit Server VM (26+35-2893, mixed mode, emulated-client, sharing, tiered, compressed oops, compressed class ptrs, g1 gc, windows-amd64)
GC Precious Log:
 CardTable entry size: 512
 Card Set container configuration: InlinePtr #cards 4 size 8 Array Of Cards #cards 16 size 48 Howl #buckets 8 coarsen threshold 3686 Howl Bitmap #cards 512 size 80 coarsen threshold 460 Card regions per heap region 1 cards per card region 4096
 CPUs: 8 total, 8 available
 Memory: 15295M
 Large Page Support: Disabled
 NUMA Support: Disabled
 Compressed Oops: Enabled (Zero based)
 Heap Region Size: 2M
 Heap Min Capacity: 8M
 Heap Initial Capacity: 8M
 Heap Max Capacity: 3824M
 Pre-touch: Disabled
 Parallel Workers: 8
 Concurrent Workers: 2
 Concurrent Refinement Workers: 8
 Periodic GC: Disabled
Heap:
 garbage-first heap   total reserved 3915776K, committed 342016K, used 203902K [0x0000000711000000, 0x0000000800000000)
  region size 2M, 44 eden (88M), 11 survivor (22M), 26 old (52M), 24 humongous (48M), 62 free (124M)
GC Heap Usage History (20 events):
Event: 655.458 {heap Before GC invocations=35 (full 0):
 garbage-first heap   total reserved 3915776K, committed 172032K, used 170422K [0x0000000711000000, 0x0000000800000000)
  region size 2M, 35 eden (70M), 1 survivor (2M), 24 old (48M), 24 humongous (48M), 0 free (0M)
}
Event: 655.466 {heap After GC invocations=36 (full 0):
 garbage-first heap   total reserved 3915776K, committed 176128K, used 101223K [0x0000000711000000, 0x0000000800000000)
  region size 2M, 0 eden (0M), 2 survivor (4M), 24 old (48M), 24 humongous (48M), 36 free (72M)
}
Event: 813.989 {heap Before GC invocations=36 (full 0):
 garbage-first heap   total reserved 3915776K, committed 176128K, used 119655K [0x0000000711000000, 0x0000000800000000)
  region size 2M, 10 eden (20M), 2 survivor (4M), 24 old (48M), 24 humongous (48M), 26 free (52M)
}
Event: 814.058 {heap After GC invocations=37 (full 1):
 garbage-first heap   total reserved 3915776K, committed 176128K, used 90488K [0x0000000711000000, 0x0000000800000000)
  region size 2M, 0 eden (0M), 0 survivor (0M), 24 old (48M), 24 humongous (48M), 38 free (76M)
}
Event: 815.701 {heap Before GC invocations=37 (full 1):
 garbage-first heap   total reserved 3915776K, committed 176128K, used 147832K [0x0000000711000000, 0x0000000800000000)
  region size 2M, 29 eden (58M), 0 survivor (0M), 24 old (48M), 24 humongous (48M), 9 free (18M)
}
Event: 815.708 {heap After GC invocations=38 (full 1):
 garbage-first heap   total reserved 3915776K, committed 176128K, used 96088K [0x0000000711000000, 0x0000000800000000)
  region size 2M, 0 eden (0M), 3 survivor (6M), 24 old (48M), 24 humongous (48M), 35 free (70M)
}
Event: 816.593 {heap Before GC invocations=39 (full 1):
 garbage-first heap   total reserved 3915776K, committed 176128K, used 149336K [0x0000000711000000, 0x0000000800000000)
  region size 2M, 27 eden (54M), 3 survivor (6M), 24 old (48M), 24 humongous (48M), 8 free (16M)
}
Event: 816.608 {heap After GC invocations=40 (full 1):
 garbage-first heap   total reserved 3915776K, committed 184320K, used 113353K [0x0000000711000000, 0x0000000800000000)
  region size 2M, 0 eden (0M), 4 survivor (8M), 32 old (64M), 24 humongous (48M), 30 free (60M)
}
Event: 819.309 {heap Before GC invocations=40 (full 1):
 garbage-first heap   total reserved 3915776K, committed 184320K, used 131785K [0x0000000711000000, 0x0000000800000000)
  region size 2M, 10 eden (20M), 4 survivor (8M), 32 old (64M), 24 humongous (48M), 20 free (40M)
}
Event: 819.372 {heap After GC invocations=41 (full 2):
 garbage-first heap   total reserved 3915776K, committed 184320K, used 92700K [0x0000000711000000, 0x0000000800000000)
  region size 2M, 0 eden (0M), 0 survivor (0M), 24 old (48M), 24 humongous (48M), 42 free (84M)
}
Event: 820.449 {heap Before GC invocations=41 (full 2):
 garbage-first heap   total reserved 3915776K, committed 184320K, used 145948K [0x0000000711000000, 0x0000000800000000)
  region size 2M, 27 eden (54M), 0 survivor (0M), 24 old (48M), 24 humongous (48M), 15 free (30M)
}
Event: 820.454 {heap After GC invocations=42 (full 2):
 garbage-first heap   total reserved 3915776K, committed 184320K, used 97085K [0x0000000711000000, 0x0000000800000000)
  region size 2M, 0 eden (0M), 3 survivor (6M), 24 old (48M), 24 humongous (48M), 39 free (78M)
}
Event: 821.350 {heap Before GC invocations=43 (full 2):
 garbage-first heap   total reserved 3915776K, committed 184320K, used 152381K [0x0000000711000000, 0x0000000800000000)
  region size 2M, 27 eden (54M), 3 survivor (6M), 24 old (48M), 24 humongous (48M), 12 free (24M)
}
Event: 821.361 {heap After GC invocations=44 (full 2):
 garbage-first heap   total reserved 3915776K, committed 184320K, used 113180K [0x0000000711000000, 0x0000000800000000)
  region size 2M, 0 eden (0M), 4 survivor (8M), 30 old (60M), 24 humongous (48M), 32 free (64M)
}
Event: 851.796 {heap Before GC invocations=44 (full 2):
 garbage-first heap   total reserved 3915776K, committed 184320K, used 147996K [0x0000000711000000, 0x0000000800000000)
  region size 2M, 18 eden (36M), 4 survivor (8M), 30 old (60M), 24 humongous (48M), 14 free (28M)
}
Event: 851.803 {heap After GC invocations=45 (full 2):
 garbage-first heap   total reserved 3915776K, committed 552960K, used 116663K [0x0000000711000000, 0x0000000800000000)
  region size 2M, 0 eden (0M), 2 survivor (4M), 33 old (66M), 24 humongous (48M), 211 free (422M)
}
Event: 2537.767 {heap Before GC invocations=45 (full 2):
 garbage-first heap   total reserved 3915776K, committed 552960K, used 210871K [0x0000000711000000, 0x0000000800000000)
  region size 2M, 47 eden (94M), 2 survivor (4M), 33 old (66M), 24 humongous (48M), 164 free (328M)
}
Event: 2537.829 {heap After GC invocations=46 (full 3):
 garbage-first heap   total reserved 3915776K, committed 342016K, used 95167K [0x0000000711000000, 0x0000000800000000)
  region size 2M, 0 eden (0M), 0 survivor (0M), 26 old (52M), 24 humongous (48M), 117 free (234M)
}
Event: 2543.564 {heap Before GC invocations=46 (full 3):
 garbage-first heap   total reserved 3915776K, committed 342016K, used 273343K [0x0000000711000000, 0x0000000800000000)
  region size 2M, 88 eden (176M), 0 survivor (0M), 26 old (52M), 24 humongous (48M), 29 free (58M)
}
Event: 2543.581 {heap After GC invocations=47 (full 3):
 garbage-first heap   total reserved 3915776K, committed 342016K, used 115838K [0x0000000711000000, 0x0000000800000000)
  region size 2M, 0 eden (0M), 11 survivor (22M), 26 old (52M), 24 humongous (48M), 106 free (212M)
}

