# JRE version: Java(TM) SE Runtime Environment (26.0+35) (build 26+35-2893)
# Java VM: Java HotSpot(TM) 64-Bit Server VM (26+35-2893, mixed mode, emulated-client, sharing, tiered, compressed oops, compressed class ptrs, g1 gc, windows-amd64)
GC Precious Log:
 CardTable entry size: 512
 Card Set container configuration: InlinePtr #cards 4 size 8 Array Of Cards #cards 16 size 48 Howl #buckets 8 coarsen threshold 3686 Howl Bitmap #cards 512 size 80 coarsen threshold 460 Card regions per heap region 1 cards per card region 4096
 CPUs: 8 total, 8 available
 Memory: 15295M
 Large Page Support: Disabled
 NUMA Support: Disabled
 Compressed Oops: Enabled (Zero based)
 Heap Region Size: 2M
 Heap Min Capacity: 8M
 Heap Initial Capacity: 8M
 Heap Max Capacity: 3824M
 Pre-touch: Disabled
 Parallel Workers: 8
 Concurrent Workers: 2
 Concurrent Refinement Workers: 8
 Periodic GC: Disabled
Heap:
 garbage-first heap   total reserved 3915776K, committed 129024K, used 76263K [0x0000000711000000, 0x0000000800000000)
  region size 2M, 18 eden (36M), 3 survivor (6M), 17 old (34M), 3 humongous (6M), 22 free (44M)
GC Heap Usage History (20 events):
Event: 29.050 {heap Before GC invocations=16 (full 0):
 garbage-first heap   total reserved 3915776K, committed 43008K, used 36573K [0x0000000711000000, 0x0000000800000000)
  region size 2M, 10 eden (20M), 2 survivor (4M), 6 old (12M), 0 humongous (0M), 3 free (6M)
}
Event: 29.055 {heap After GC invocations=17 (full 0):
 garbage-first heap   total reserved 3915776K, committed 43008K, used 17822K [0x0000000711000000, 0x0000000800000000)
  region size 2M, 0 eden (0M), 2 survivor (4M), 7 old (14M), 0 humongous (0M), 12 free (24M)
}
Event: 29.458 {heap Before GC invocations=17 (full 0):
 garbage-first heap   total reserved 3915776K, committed 43008K, used 36254K [0x0000000711000000, 0x0000000800000000)
  region size 2M, 9 eden (18M), 2 survivor (4M), 7 old (14M), 0 humongous (0M), 3 free (6M)
}
Event: 29.463 {heap After GC invocations=18 (full 0):
 garbage-first heap   total reserved 3915776K, committed 43008K, used 19557K [0x0000000711000000, 0x0000000800000000)
  region size 2M, 0 eden (0M), 2 survivor (4M), 8 old (16M), 0 humongous (0M), 11 free (22M)
}
Event: 29.783 {heap Before GC invocations=18 (full 0):
 garbage-first heap   total reserved 3915776K, committed 43008K, used 35941K [0x0000000711000000, 0x0000000800000000)
  region size 2M, 8 eden (16M), 2 survivor (4M), 8 old (16M), 0 humongous (0M), 3 free (6M)
}
Event: 29.787 {heap After GC invocations=19 (full 0):
 garbage-first heap   total reserved 3915776K, committed 43008K, used 20523K [0x0000000711000000, 0x0000000800000000)
  region size 2M, 0 eden (0M), 2 survivor (4M), 9 old (18M), 0 humongous (0M), 10 free (20M)
}
Event: 29.932 {heap Before GC invocations=19 (full 0):
 garbage-first heap   total reserved 3915776K, committed 43008K, used 24619K [0x0000000711000000, 0x0000000800000000)
  region size 2M, 3 eden (6M), 2 survivor (4M), 9 old (18M), 0 humongous (0M), 7 free (14M)
}
Event: 29.935 {heap After GC invocations=20 (full 0):
 garbage-first heap   total reserved 3915776K, committed 43008K, used 20952K [0x0000000711000000, 0x0000000800000000)
  region size 2M, 0 eden (0M), 1 survivor (2M), 10 old (20M), 0 humongous (0M), 10 free (20M)
}
Event: 30.253 {heap Before GC invocations=21 (full 0):
 garbage-first heap   total reserved 3915776K, committed 43008K, used 37336K [0x0000000711000000, 0x0000000800000000)
  region size 2M, 8 eden (16M), 1 survivor (2M), 10 old (20M), 0 humongous (0M), 2 free (4M)
}
Event: 30.257 {heap After GC invocations=22 (full 0):
 garbage-first heap   total reserved 3915776K, committed 129024K, used 21611K [0x0000000711000000, 0x0000000800000000)
  region size 2M, 0 eden (0M), 2 survivor (4M), 10 old (20M), 0 humongous (0M), 51 free (102M)
}
Event: 31.673 {heap Before GC invocations=22 (full 0):
 garbage-first heap   total reserved 3915776K, committed 129024K, used 93291K [0x0000000711000000, 0x0000000800000000)
  region size 2M, 35 eden (70M), 2 survivor (4M), 10 old (20M), 0 humongous (0M), 16 free (32M)
}
Event: 31.684 {heap After GC invocations=23 (full 0):
 garbage-first heap   total reserved 3915776K, committed 129024K, used 27826K [0x0000000711000000, 0x0000000800000000)
  region size 2M, 0 eden (0M), 5 survivor (10M), 10 old (20M), 0 humongous (0M), 48 free (96M)
}
Event: 52.846 {heap Before GC invocations=23 (full 0):
 garbage-first heap   total reserved 3915776K, committed 129024K, used 83122K [0x0000000711000000, 0x0000000800000000)
  region size 2M, 29 eden (58M), 5 survivor (10M), 10 old (20M), 0 humongous (0M), 19 free (38M)
}
Event: 52.858 {heap After GC invocations=24 (full 0):
 garbage-first heap   total reserved 3915776K, committed 129024K, used 33335K [0x0000000711000000, 0x0000000800000000)
  region size 2M, 0 eden (0M), 3 survivor (6M), 14 old (28M), 0 humongous (0M), 46 free (92M)
}
Event: 282.108 {heap Before GC invocations=25 (full 0):
 garbage-first heap   total reserved 3915776K, committed 129024K, used 80439K [0x0000000711000000, 0x0000000800000000)
  region size 2M, 22 eden (44M), 3 survivor (6M), 14 old (28M), 3 humongous (6M), 21 free (42M)
}
Event: 282.164 {heap After GC invocations=26 (full 1):
 garbage-first heap   total reserved 3915776K, committed 129024K, used 35564K [0x0000000711000000, 0x0000000800000000)
  region size 2M, 0 eden (0M), 0 survivor (0M), 17 old (34M), 3 humongous (6M), 43 free (86M)
}
Event: 287.148 {heap Before GC invocations=26 (full 1):
 garbage-first heap   total reserved 3915776K, committed 129024K, used 105196K [0x0000000711000000, 0x0000000800000000)
  region size 2M, 35 eden (70M), 0 survivor (0M), 17 old (34M), 3 humongous (6M), 8 free (16M)
}
Event: 287.156 {heap After GC invocations=27 (full 1):
 garbage-first heap   total reserved 3915776K, committed 129024K, used 40806K [0x0000000711000000, 0x0000000800000000)
  region size 2M, 0 eden (0M), 3 survivor (6M), 17 old (34M), 3 humongous (6M), 40 free (80M)
}
Event: 288.430 {heap Before GC invocations=27 (full 1):
 garbage-first heap   total reserved 3915776K, committed 129024K, used 106342K [0x0000000711000000, 0x0000000800000000)
  region size 2M, 33 eden (66M), 3 survivor (6M), 17 old (34M), 3 humongous (6M), 7 free (14M)
}
Event: 288.436 {heap After GC invocations=28 (full 1):
 garbage-first heap   total reserved 3915776K, committed 129024K, used 41447K [0x0000000711000000, 0x0000000800000000)
  region size 2M, 0 eden (0M), 3 survivor (6M), 17 old (34M), 3 humongous (6M), 40 free (80M)
}

